[    1204ms] [INFO] %cDownload the React DevTools for a better development experience: https://react.dev/link/react-devtools font-weight:bold @ http://localhost:3006/_next/static/chunks/0ofh_next_dist_0u68git._.js:2431
[    1379ms] [LOG] [HMR] connected @ http://localhost:3006/_next/static/chunks/0ofh_next_dist_0u68git._.js:2431
[   17588ms] [INFO] %cDownload the React DevTools for a better development experience: https://react.dev/link/react-devtools font-weight:bold @ http://localhost:3006/_next/static/chunks/0ofh_next_dist_0u68git._.js:2431
[   17615ms] [LOG] [HMR] connected @ http://localhost:3006/_next/static/chunks/0ofh_next_dist_0u68git._.js:2431
[   17836ms] [LOG] [Fast Refresh] rebuilding @ http://localhost:3006/_next/static/chunks/0ofh_next_dist_0u68git._.js:2431
[   18952ms] [LOG] [Fast Refresh] done in 1225ms @ http://localhost:3006/_next/static/chunks/0ofh_next_dist_0u68git._.js:2431
[   75723ms] [ERROR] Failed to load resource: net::ERR_NETWORK_CHANGED @ http://localhost:3006/_next/static/chunks/OneDrive_site-sgs-seguranca_10dpzo.._.js:0
[   75727ms] [ERROR] Failed to load resource: net::ERR_NETWORK_CHANGED @ http://localhost:3006/_next/static/chunks/OneDrive_site-sgs-seguranca_src_app_modulos_page_tsx_07jl2-o._.js:0
[   75729ms] [ERROR] Failed to load resource: net::ERR_NETWORK_CHANGED @ http://localhost:3006/_next/static/chunks/0ofh_next_dist_client_02v67lv._.js:0
[   75729ms] [ERROR] Failed to load resource: net::ERR_NETWORK_CHANGED @ http://localhost:3006/_next/static/chunks/0ofh_next_dist_0u68git._.js:0
[   75730ms] [ERROR] Failed to load resource: net::ERR_NETWORK_CHANGED @ http://localhost:3006/_next/static/chunks/0ofh_%40swc_helpers_cjs_101plru._.js:0
[   75730ms] [ERROR] Failed to load resource: net::ERR_NETWORK_CHANGED @ http://localhost:3006/_next/static/chunks/OneDrive_site-sgs-seguranca_0rqeker._.js:0
[   75730ms] [ERROR] Failed to load resource: net::ERR_NETWORK_CHANGED @ http://localhost:3006/_next/static/chunks/turbopack-OneDrive_site-sgs-seguranca_0dzp8i.._.js:0
[   75731ms] [ERROR] Failed to load resource: net::ERR_NETWORK_CHANGED @ http://localhost:3006/_next/static/chunks/OneDrive_site-sgs-seguranca_src_0xe~63z._.js:0
[   75731ms] [ERROR] Failed to load resource: net::ERR_NETWORK_CHANGED @ http://localhost:3006/_next/static/chunks/0ofh_next_0e8x5fr._.js:0
[   75732ms] [ERROR] Failed to load resource: net::ERR_NETWORK_CHANGED @ http://localhost:3006/_next/static/chunks/0ofh_tailwind-merge_dist_bundle-mjs_mjs_0mpg-vs._.js:0
[   75732ms] [ERROR] Failed to load resource: net::ERR_NETWORK_CHANGED @ http://localhost:3006/_next/static/chunks/0ofh_motion-dom_dist_es_08ltw-v._.js:0
[   75732ms] [ERROR] Failed to load resource: net::ERR_NETWORK_CHANGED @ http://localhost:3006/_next/static/chunks/0ofh_framer-motion_dist_es_0np8m_p._.js:0
[   75732ms] [ERROR] Failed to load resource: net::ERR_NETWORK_CHANGED @ http://localhost:3006/_next/static/chunks/0ofh_02eo4h-._.js:0
[   75732ms] [ERROR] Failed to load resource: net::ERR_NETWORK_CHANGED @ http://localhost:3006/_next/static/chunks/OneDrive_site-sgs-seguranca_src_app_layout_tsx_0kdzvtt._.js:0
[   75732ms] [ERROR] Failed to load resource: net::ERR_NETWORK_CHANGED @ http://localhost:3006/_next/static/chunks/0ofh_next_dist_client_components_builtin_global-error_07jl2-o.js:0
[   99479ms] [ERROR] Failed to load resource: net::ERR_CONNECTION_REFUSED @ http://localhost:3006/_next/static/chunks/%5Broot-of-the-server%5D__13ie8xi._.css:0
[   99479ms] [ERROR] Failed to load resource: net::ERR_CONNECTION_REFUSED @ http://localhost:3006/_next/static/chunks/%5Bturbopack%5D_browser_dev_hmr-client_hmr-client_ts_109c5tx._.js:0
[   99479ms] [ERROR] Failed to load resource: net::ERR_CONNECTION_REFUSED @ http://localhost:3006/_next/static/chunks/0ofh_next_dist_compiled_next-devtools_index_0rz434h.js:0
[   99479ms] [ERROR] Failed to load resource: net::ERR_CONNECTION_REFUSED @ http://localhost:3006/_next/static/chunks/0ofh_next_dist_compiled_react-dom_10pf4bw._.js:0
[   99479ms] [ERROR] Failed to load resource: net::ERR_CONNECTION_REFUSED @ http://localhost:3006/_next/static/chunks/0ofh_next_dist_compiled_0mk7vnq._.js:0
[   99483ms] [ERROR] Failed to load resource: net::ERR_CONNECTION_REFUSED @ http://localhost:3006/_next/static/chunks/0ofh_next_dist_compiled_react-server-dom-turbopack_0uvr5qv._.js:0
