[     132ms] [LOG] [Fast Refresh] rebuilding @ http://localhost:3000/_next/static/chunks/node_modules_next_dist_115brz8._.js:2431
[     582ms] [LOG] [Fast Refresh] done in 555ms @ http://localhost:3000/_next/static/chunks/node_modules_next_dist_115brz8._.js:2431
[     592ms] [ERROR] Failed to load resource: the server responded with a status of 404 (Not Found) @ http://localhost:3000/blog/futuro-do-sst-ia-aprs:0
[     668ms] [INFO] %cDownload the React DevTools for a better development experience: https://react.dev/link/react-devtools font-weight:bold @ http://localhost:3000/_next/static/chunks/node_modules_next_dist_115brz8._.js:2431
[     696ms] [LOG] [HMR] connected @ http://localhost:3000/_next/static/chunks/node_modules_next_dist_115brz8._.js:2431
[     909ms] [LOG] [Fast Refresh] rebuilding @ http://localhost:3000/_next/static/chunks/node_modules_next_dist_115brz8._.js:2431
[     925ms] [LOG] [Fast Refresh] done in 127ms @ http://localhost:3000/_next/static/chunks/node_modules_next_dist_115brz8._.js:2431
[   43838ms] [LOG] [Fast Refresh] rebuilding @ http://localhost:3000/_next/static/chunks/node_modules_next_dist_115brz8._.js:2431
[   43846ms] [LOG] [Fast Refresh] done in 116ms @ http://localhost:3000/_next/static/chunks/node_modules_next_dist_115brz8._.js:2431
[   77282ms] [ERROR] WebSocket connection to 'ws://localhost:3000/_next/webpack-hmr?id=moIheRGPzKRVsYKBC-RsY' failed: Error in connection establishment: net::ERR_CONNECTION_REFUSED @ http://localhost:3000/_next/static/chunks/node_modules_next_dist_client_0fhqo1d._.js:13299
[   80622ms] [ERROR] WebSocket connection to 'ws://localhost:3000/_next/webpack-hmr?id=moIheRGPzKRVsYKBC-RsY' failed: Error in connection establishment: net::ERR_CONNECTION_REFUSED @ http://localhost:3000/_next/static/chunks/node_modules_next_dist_client_0fhqo1d._.js:13299
[   83979ms] [ERROR] WebSocket connection to 'ws://localhost:3000/_next/webpack-hmr?id=moIheRGPzKRVsYKBC-RsY' failed: Error in connection establishment: net::ERR_CONNECTION_REFUSED @ http://localhost:3000/_next/static/chunks/node_modules_next_dist_client_0fhqo1d._.js:13299
[   87312ms] [ERROR] WebSocket connection to 'ws://localhost:3000/_next/webpack-hmr?id=moIheRGPzKRVsYKBC-RsY' failed: Error in connection establishment: net::ERR_CONNECTION_REFUSED @ http://localhost:3000/_next/static/chunks/node_modules_next_dist_client_0fhqo1d._.js:13299
[   90633ms] [ERROR] WebSocket connection to 'ws://localhost:3000/_next/webpack-hmr?id=moIheRGPzKRVsYKBC-RsY' failed: Error in connection establishment: net::ERR_CONNECTION_REFUSED @ http://localhost:3000/_next/static/chunks/node_modules_next_dist_client_0fhqo1d._.js:13299
[   97972ms] [ERROR] WebSocket connection to 'ws://localhost:3000/_next/webpack-hmr?id=moIheRGPzKRVsYKBC-RsY' failed: Error in connection establishment: net::ERR_CONNECTION_REFUSED @ http://localhost:3000/_next/static/chunks/node_modules_next_dist_client_0fhqo1d._.js:13299
[  105319ms] [ERROR] WebSocket connection to 'ws://localhost:3000/_next/webpack-hmr?id=moIheRGPzKRVsYKBC-RsY' failed: Error in connection establishment: net::ERR_CONNECTION_REFUSED @ http://localhost:3000/_next/static/chunks/node_modules_next_dist_client_0fhqo1d._.js:13299
[  112661ms] [ERROR] WebSocket connection to 'ws://localhost:3000/_next/webpack-hmr?id=moIheRGPzKRVsYKBC-RsY' failed: Error in connection establishment: net::ERR_CONNECTION_REFUSED @ http://localhost:3000/_next/static/chunks/node_modules_next_dist_client_0fhqo1d._.js:13299
[  120005ms] [ERROR] WebSocket connection to 'ws://localhost:3000/_next/webpack-hmr?id=moIheRGPzKRVsYKBC-RsY' failed: Error in connection establishment: net::ERR_CONNECTION_REFUSED @ http://localhost:3000/_next/static/chunks/node_modules_next_dist_client_0fhqo1d._.js:13299
[  127347ms] [ERROR] WebSocket connection to 'ws://localhost:3000/_next/webpack-hmr?id=moIheRGPzKRVsYKBC-RsY' failed: Error in connection establishment: net::ERR_CONNECTION_REFUSED @ http://localhost:3000/_next/static/chunks/node_modules_next_dist_client_0fhqo1d._.js:13299
[  134680ms] [ERROR] WebSocket connection to 'ws://localhost:3000/_next/webpack-hmr?id=moIheRGPzKRVsYKBC-RsY' failed: Error in connection establishment: net::ERR_CONNECTION_REFUSED @ http://localhost:3000/_next/static/chunks/node_modules_next_dist_client_0fhqo1d._.js:13299
[  142000ms] [ERROR] WebSocket connection to 'ws://localhost:3000/_next/webpack-hmr?id=moIheRGPzKRVsYKBC-RsY' failed: Error in connection establishment: net::ERR_CONNECTION_REFUSED @ http://localhost:3000/_next/static/chunks/node_modules_next_dist_client_0fhqo1d._.js:13299
