[    4916ms] [INFO] %cDownload the React DevTools for a better development experience: https://react.dev/link/react-devtools font-weight:bold @ http://localhost:3005/_next/static/chunks/0ofh_next_dist_0u68git._.js:2431
[    4941ms] [ERROR] eval() is not supported in this environment. If this page was served with a `Content-Security-Policy` header, make sure that `unsafe-eval` is included. React requires eval() in development mode for various debugging features like reconstructing callstacks from a different environment.
React will never use eval() in production mode @ http://localhost:3005/_next/static/chunks/0ofh_next_dist_0u68git._.js:3272
[    5179ms] [LOG] [HMR] connected @ http://localhost:3005/_next/static/chunks/0ofh_next_dist_0u68git._.js:2431
[    5372ms] [LOG] [Fast Refresh] rebuilding @ http://localhost:3005/_next/static/chunks/0ofh_next_dist_0u68git._.js:2431
[    5659ms] Error: Hydration failed because the server rendered HTML didn't match the client. As a result this tree will be regenerated on the client. This can happen if a SSR-ed Client Component used:

- A server/client branch `if (typeof window !== 'undefined')`.
- Variable input such as `Date.now()` or `Math.random()` which changes each time it's called.
- Date formatting in a user's locale which doesn't match the server.
- External changing data without sending a snapshot of it along with the HTML.
- Invalid HTML tag nesting.

It can also happen if the client has a browser extension installed which messes with the HTML before React loaded.

https://react.dev/link/hydration-mismatch

  ...
    <HotReload globalError={[...]} webSocket={WebSocket} staticIndicatorState={{pathname:null, ...}}>
      <AppDevOverlayErrorBoundary globalError={[...]}>
        <ReplaySsrOnlyErrors>
        <DevRootHTTPAccessFallbackBoundary>
          <HTTPAccessFallbackBoundary notFound={<NotAllowedRootHTTPFallbackError>}>
            <HTTPAccessFallbackErrorBoundary pathname="/" notFound={<NotAllowedRootHTTPFallbackError>} ...>
              <RedirectBoundary>
                <RedirectErrorBoundary router={{...}}>
                  <Head>
                  <__next_root_layout_boundary__>
                    <SegmentViewNode type="layout" pagePath="layout.tsx">
                      <SegmentTrieNode>
                      <link>
                      <script>
                      <script>
                      <script>
                      <script>
                      <script>
                      <script>
                      <script>
                      <RootLayout>
                        <html lang="pt-BR" className="geist_a715...">
                          <body className="min-h-full...">
                            <ConsentScripts>
                            <Header>
                            <main>
                            <Footer>
                            <NewsletterOverlay>
                            <CookieBanner>
+                             <div
+                               className="fixed bottom-0 inset-x-0 bg-white border-t border-slate-200 p-4 z-[9999] sh..."
+                             >
-                             <script id="_R_">
                  ...

    at throwOnHydrationMismatch (http://localhost:3005/_next/static/chunks/0ofh_next_dist_compiled_react-dom_10pf4bw._.js:3318:56)
    at beginWork (http://localhost:3005/_next/static/chunks/0ofh_next_dist_compiled_react-dom_10pf4bw._.js:6758:918)
    at runWithFiberInDEV (http://localhost:3005/_next/static/chunks/0ofh_next_dist_compiled_react-dom_10pf4bw._.js:965:74)
    at performUnitOfWork (http://localhost:3005/_next/static/chunks/0ofh_next_dist_compiled_react-dom_10pf4bw._.js:9555:97)
    at workLoopConcurrentByScheduler (http://localhost:3005/_next/static/chunks/0ofh_next_dist_compiled_react-dom_10pf4bw._.js:9551:58)
    at renderRootConcurrent (http://localhost:3005/_next/static/chunks/0ofh_next_dist_compiled_react-dom_10pf4bw._.js:9534:71)
    at performWorkOnRoot (http://localhost:3005/_next/static/chunks/0ofh_next_dist_compiled_react-dom_10pf4bw._.js:9061:150)
    at performWorkOnRootViaSchedulerTask (http://localhost:3005/_next/static/chunks/0ofh_next_dist_compiled_react-dom_10pf4bw._.js:10255:9)
    at MessagePort.performWorkUntilDeadline (http://localhost:3005/_next/static/chunks/0ofh_next_dist_compiled_0mk7vnq._.js:2647:64)
[   27816ms] [ERROR] Loading the script 'https://www.google-analytics.com/analytics.js' violates the following Content Security Policy directive: "script-src 'self' 'unsafe-inline' https://challenges.cloudflare.com https://www.googletagmanager.com". Note that 'script-src-elem' was not explicitly set, so 'script-src' is used as a fallback. The action has been blocked. @ https://www.googletagmanager.com/gtag/js?id=UA-XXXXXXXXX-X:105
